#
# A fatal error has been detected by the Java Runtime Environment:
#
#  EXCEPTION_ACCESS_VIOLATION (0xc0000005) at pc=0x00007ffd0f532789, pid=10172, tid=9848
#
# JRE version: Java(TM) SE Runtime Environment (14.0.1+7) (build 14.0.1+7)
# Java VM: Java HotSpot(TM) 64-Bit Server VM (14.0.1+7, mixed mode, sharing, tiered, compressed oops, g1 gc, windows-amd64)
# Problematic frame:
# C  [OPENGL32.DLL+0x42789]
#
# No core dump will be written. Minidumps are not enabled by default on client versions of Windows
#
# If you would like to submit a bug report, please visit:
#   https://bugreport.java.com/bugreport/crash.jsp
# The crash happened outside the Java Virtual Machine in native code.
# See problematic frame for where to report the bug.
#

---------------  S U M M A R Y ------------

Command Line: -javaagent:C:\Program Files\JetBrains\IntelliJ IDEA Community Edition 2020.1.3\lib\idea_rt.jar=56027:C:\Program Files\JetBrains\IntelliJ IDEA Community Edition 2020.1.3\bin -Dfile.encoding=UTF-8 org.codeland.rendering.RenderingKt

Host: Intel(R) Core(TM) i7-8700K CPU @ 3.70GHz, 12 cores, 31G,  Windows 10 , 64 bit Build 21332 (10.0.21332.1000)
Time: Fri Mar 12 09:23:36 2021 Pacific Standard Time elapsed time: 0 seconds (0d 0h 0m 0s)

---------------  T H R E A D  ---------------

Current thread (0x0000027f6a075000):  JavaThread "main" [_thread_in_native, id=9848, stack(0x000000c5f7500000,0x000000c5f7600000)]

Stack: [0x000000c5f7500000,0x000000c5f7600000],  sp=0x000000c5f75feff0,  free space=1019k
Native frames: (J=compiled Java code, j=interpreted, Vv=VM code, C=native code)
C  [OPENGL32.DLL+0x42789]

Java frames: (J=compiled Java code, j=interpreted, Vv=VM code)
j  org.lwjgl.system.windows.GDI32.nChoosePixelFormat(JJJ)I+0
j  org.lwjgl.system.windows.GDI32.nChoosePixelFormat(JJ)I+20
j  org.lwjgl.system.windows.GDI32.ChoosePixelFormat(JLorg/lwjgl/system/windows/PIXELFORMATDESCRIPTOR;)I+5
j  org.codeland.rendering.Rendering.init2()V+230
j  org.codeland.rendering.RenderingKt.main()V+3
j  org.codeland.rendering.RenderingKt.main([Ljava/lang/String;)V+0
v  ~StubRoutines::call_stub

siginfo: EXCEPTION_ACCESS_VIOLATION (0xc0000005), reading address 0x0000000000000010


Register to memory mapping:

RIP=0x00007ffd0f532789 OPENGL32.DLL
RAX=0x0000fced47f4ea4d is an unknown value
RBX=0x0 is NULL
RCX=0xfffffffff1010fa5 is an unknown value
RDX=0x0000000000000010 is an unknown value
RSP=0x000000c5f75feff0 is pointing into the stack for thread: 0x0000027f6a075000
RBP=0x000000c5f75ff029 is pointing into the stack for thread: 0x0000027f6a075000
RSI=0xfffffffff1010fa5 is an unknown value
RDI=0x0000000000000010 is an unknown value
R8 =0x0 is NULL
R9 =0x00007ffd0f532760 OPENGL32.DLL
R10=0xf8b51ef818d5c070 is an unknown value
R11=0x000000c5f75fee90 is pointing into the stack for thread: 0x0000027f6a075000
R12=0x0 is NULL
R13={method} {0x0000027f18014618} 'nChoosePixelFormat' '(JJJ)I' in 'org/lwjgl/system/windows/GDI32'
R14=0x000000c5f75ff1d0 is pointing into the stack for thread: 0x0000027f6a075000
R15=0x0000027f6a075000 is a thread


Registers:
RAX=0x0000fced47f4ea4d, RBX=0x0000000000000000, RCX=0xfffffffff1010fa5, RDX=0x0000000000000010
RSP=0x000000c5f75feff0, RBP=0x000000c5f75ff029, RSI=0xfffffffff1010fa5, RDI=0x0000000000000010
R8 =0x0000000000000000, R9 =0x00007ffd0f532760, R10=0xf8b51ef818d5c070, R11=0x000000c5f75fee90
R12=0x0000000000000000, R13=0x0000027f18014610, R14=0x000000c5f75ff1d0, R15=0x0000027f6a075000
RIP=0x00007ffd0f532789, EFLAGS=0x0000000000010206

Top of Stack: (sp=0x000000c5f75feff0)
0x000000c5f75feff0:   00007ffd4546732f 00007ffd45502b48
0x000000c5f75ff000:   00007ffd0f4f0000 00007ffd456d93d1
0x000000c5f75ff010:   00007ffd0f4f0000 00007ffd45718cd0
0x000000c5f75ff020:   0000000000000000 0000000000000000
0x000000c5f75ff030:   ffffffff00000000 00007ffd4546732f
0x000000c5f75ff040:   0000000000150014 00007ffd45502b48
0x000000c5f75ff050:   fffffffff1010fa5 00007ffd4546732f
0x000000c5f75ff060:   00007ffd45502b48 00007ffd0f532760
0x000000c5f75ff070:   0000fced47f4ea4d 000000c5f75ff188
0x000000c5f75ff080:   000000c5f75ff188 00007ffd4548f143
0x000000c5f75ff090:   0000027f18014610 0000000000000000
0x000000c5f75ff0a0:   fffffffff1010fa5 0000000000000010
0x000000c5f75ff0b0:   0000027f00009c90 00007ffd22beaf94
0x000000c5f75ff0c0:   0000027f18014610 0000000000000000
0x000000c5f75ff0d0:   00007ffd0f4f0000 0000000000000010
0x000000c5f75ff0e0:   0000027f00009c90 0000027f0000f417 

Instructions: (pc=0x00007ffd0f532789)
0x00007ffd0f532689:   00 8b 05 7c 78 09 00 85 c0 75 e1 e9 94 00 00 00
0x00007ffd0f532699:   8b 15 6d 78 09 00 48 8d 0d aa 9f 08 00 48 ff 15
0x00007ffd0f5326a9:   3b 56 08 00 0f 1f 44 00 00 44 8b 05 53 78 09 00
0x00007ffd0f5326b9:   33 d2 8d 4a 01 48 ff 15 03 52 08 00 0f 1f 44 00
0x00007ffd0f5326c9:   00 48 8b d8 48 85 c0 74 42 33 d2 48 8b c8 48 ff
0x00007ffd0f5326d9:   15 da 51 08 00 0f 1f 44 00 00 85 c0 75 1c 8b 15
0x00007ffd0f5326e9:   1f 78 09 00 48 8d 0d bc 9f 08 00 4c 8b c3 48 ff
0x00007ffd0f5326f9:   15 ea 55 08 00 0f 1f 44 00 00 48 8b cb 48 ff 15
0x00007ffd0f532709:   bb 52 08 00 0f 1f 44 00 00 eb 19 8b 15 f2 77 09
0x00007ffd0f532719:   00 48 8d 0d cf 9f 08 00 48 ff 15 c0 55 08 00 0f
0x00007ffd0f532729:   1f 44 00 00 8b ce 48 8b 5c 24 30 48 8b 74 24 38
0x00007ffd0f532739:   48 83 c4 20 5f 48 ff 25 db 51 08 00 cc cc cc cc
0x00007ffd0f532749:   cc cc cc cc cc cc cc cc cc cc cc cc cc cc cc 71
0x00007ffd0f532759:   c0 d5 18 f8 1e b5 f8 48 8b c4 48 89 58 10 48 89
0x00007ffd0f532769:   70 18 48 89 78 20 55 48 8d 68 a1 48 81 ec 90 00
0x00007ffd0f532779:   00 00 48 8b 05 b6 6a 09 00 48 33 c4 48 89 45 47
0x00007ffd0f532789:   0f 10 02 83 4d e7 ff b8 01 00 00 00 0f 10 4a 10
0x00007ffd0f532799:   4c 8b d1 48 89 4d 17 0f 11 45 ef 8b 5d f3 8b f8
0x00007ffd0f5327a9:   0f 11 4d ff 8b f0 4c 8d 4d 1f 41 b8 28 00 00 00
0x00007ffd0f5327b9:   8b d6 49 8b ca e8 7d 02 00 00 44 8b d8 85 c0 0f
0x00007ffd0f5327c9:   84 39 02 00 00 8a 4d f7 33 c0 3a 4d 27 41 b9 00
0x00007ffd0f5327d9:   10 00 00 41 0f 44 c1 80 7d f8 00 74 1a 8a 4d 28
0x00007ffd0f5327e9:   38 4d f8 74 12 73 07 05 01 10 00 00 eb 0e 84 c9
0x00007ffd0f5327f9:   74 0a 41 03 c1 eb 05 05 10 10 00 00 8b 4d 23 f6
0x00007ffd0f532809:   c3 04 74 05 f6 c1 04 74 05 05 00 00 01 00 f6 c3
0x00007ffd0f532819:   08 74 05 f6 c1 08 74 03 41 03 c1 f6 c3 10 74 05
0x00007ffd0f532829:   f6 c1 10 74 03 41 03 c1 f6 c3 20 74 05 f6 c1 20
0x00007ffd0f532839:   74 03 41 03 c1 0f ba e3 0d 73 06 0f ba e1 0d 73
0x00007ffd0f532849:   05 05 00 00 01 00 0f ba e3 18 73 06 0f ba e1 18
0x00007ffd0f532859:   73 03 41 03 c1 0f ba e3 19 73 06 0f ba e1 19 73
0x00007ffd0f532869:   03 41 03 c1 0f ba e3 1a 73 06 0f ba e1 1a 73 03
0x00007ffd0f532879:   41 03 c1 0f ba e3 1b 73 06 0f ba e1 1b 73 03 41 


Stack slot to memory mapping:
stack at sp + 0 slots: 0x00007ffd4546732f gdi32full.dll
stack at sp + 1 slots: 0x00007ffd45502b48 gdi32full.dll
stack at sp + 2 slots: 0x00007ffd0f4f0000 OPENGL32.DLL
stack at sp + 3 slots: 0x00007ffd456d93d1 KERNELBASE.dll
stack at sp + 4 slots: 0x00007ffd0f4f0000 OPENGL32.DLL
stack at sp + 5 slots: 0x00007ffd45718cd0 KERNELBASE.dll
stack at sp + 6 slots: 0x0 is NULL
stack at sp + 7 slots: 0x0 is NULL


---------------  P R O C E S S  ---------------

Threads class SMR info:
_java_thread_list=0x0000027f188a4370, length=12, elements={
0x0000027f6a075000, 0x0000027f1846c000, 0x0000027f1846d800, 0x0000027f18484000,
0x0000027f18487000, 0x0000027f18488000, 0x0000027f18489800, 0x0000027f1848d800,
0x0000027f18497800, 0x0000027f185ac800, 0x0000027f188a1800, 0x0000027f188a2800
}

Java Threads: ( => current thread )
=>0x0000027f6a075000 JavaThread "main" [_thread_in_native, id=9848, stack(0x000000c5f7500000,0x000000c5f7600000)]
  0x0000027f1846c000 JavaThread "Reference Handler" daemon [_thread_blocked, id=12756, stack(0x000000c5f7c00000,0x000000c5f7d00000)]
  0x0000027f1846d800 JavaThread "Finalizer" daemon [_thread_blocked, id=18952, stack(0x000000c5f7d00000,0x000000c5f7e00000)]
  0x0000027f18484000 JavaThread "Signal Dispatcher" daemon [_thread_blocked, id=21164, stack(0x000000c5f7e00000,0x000000c5f7f00000)]
  0x0000027f18487000 JavaThread "Attach Listener" daemon [_thread_blocked, id=16368, stack(0x000000c5f7f00000,0x000000c5f8000000)]
  0x0000027f18488000 JavaThread "Service Thread" daemon [_thread_blocked, id=19248, stack(0x000000c5f8000000,0x000000c5f8100000)]
  0x0000027f18489800 JavaThread "C2 CompilerThread0" daemon [_thread_blocked, id=19896, stack(0x000000c5f8100000,0x000000c5f8200000)]
  0x0000027f1848d800 JavaThread "C1 CompilerThread0" daemon [_thread_blocked, id=7052, stack(0x000000c5f8200000,0x000000c5f8300000)]
  0x0000027f18497800 JavaThread "Sweeper thread" daemon [_thread_blocked, id=9344, stack(0x000000c5f8300000,0x000000c5f8400000)]
  0x0000027f185ac800 JavaThread "Common-Cleaner" daemon [_thread_blocked, id=10968, stack(0x000000c5f8400000,0x000000c5f8500000)]
  0x0000027f188a1800 JavaThread "Monitor Ctrl-Break" daemon [_thread_in_native, id=16468, stack(0x000000c5f8500000,0x000000c5f8600000)]
  0x0000027f188a2800 JavaThread "Notification Thread" daemon [_thread_blocked, id=14792, stack(0x000000c5f8600000,0x000000c5f8700000)]

Other Threads:
  0x0000027f18469800 VMThread "VM Thread" [stack: 0x000000c5f7b00000,0x000000c5f7c00000] [id=16584]
  0x0000027f188a8800 WatcherThread [stack: 0x000000c5f8700000,0x000000c5f8800000] [id=9856]
  0x0000027f6a0f7000 GCTaskThread "GC Thread#0" [stack: 0x000000c5f7600000,0x000000c5f7700000] [id=21108]
  0x0000027f6a118800 ConcurrentGCThread "G1 Main Marker" [stack: 0x000000c5f7700000,0x000000c5f7800000] [id=14852]
  0x0000027f6a11b000 ConcurrentGCThread "G1 Conc#0" [stack: 0x000000c5f7800000,0x000000c5f7900000] [id=7260]
  0x0000027f178b1800 ConcurrentGCThread "G1 Refine#0" [stack: 0x000000c5f7900000,0x000000c5f7a00000] [id=19108]
  0x0000027f178b5000 ConcurrentGCThread "G1 Young RemSet Sampling" [stack: 0x000000c5f7a00000,0x000000c5f7b00000] [id=18892]

Threads with active compile tasks:

VM state:not at safepoint (normal execution)

VM Mutex/Monitor currently owned by a thread: None

Heap address: 0x0000000601e00000, size: 8162 MB, Compressed Oops mode: Zero based, Oop shift amount: 3
Narrow klass base: 0x0000000800000000, Narrow klass shift: 3
Compressed class space size: 1073741824 Address: 0x0000000800b30000

Heap:
 garbage-first heap   total 524288K, used 6144K [0x0000000601e00000, 0x0000000800000000)
  region size 2048K, 4 young (8192K), 0 survivors (0K)
 Metaspace       used 2518K, capacity 5423K, committed 5632K, reserved 1056768K
  class space    used 209K, capacity 470K, committed 512K, reserved 1048576K
Heap Regions: E=young(eden), S=young(survivor), O=old, HS=humongous(starts), HC=humongous(continues), CS=collection set, F=free, OA=open archive, CA=closed archive, TAMS=top-at-mark-start (previous, next)
|   0|0x0000000601e00000, 0x0000000601e00000, 0x0000000602000000|  0%| F|  |TAMS 0x0000000601e00000, 0x0000000601e00000| Untracked 
|   1|0x0000000602000000, 0x0000000602000000, 0x0000000602200000|  0%| F|  |TAMS 0x0000000602000000, 0x0000000602000000| Untracked 
|   2|0x0000000602200000, 0x0000000602200000, 0x0000000602400000|  0%| F|  |TAMS 0x0000000602200000, 0x0000000602200000| Untracked 
|   3|0x0000000602400000, 0x0000000602400000, 0x0000000602600000|  0%| F|  |TAMS 0x0000000602400000, 0x0000000602400000| Untracked 
|   4|0x0000000602600000, 0x0000000602600000, 0x0000000602800000|  0%| F|  |TAMS 0x0000000602600000, 0x0000000602600000| Untracked 
|   5|0x0000000602800000, 0x0000000602800000, 0x0000000602a00000|  0%| F|  |TAMS 0x0000000602800000, 0x0000000602800000| Untracked 
|   6|0x0000000602a00000, 0x0000000602a00000, 0x0000000602c00000|  0%| F|  |TAMS 0x0000000602a00000, 0x0000000602a00000| Untracked 
|   7|0x0000000602c00000, 0x0000000602c00000, 0x0000000602e00000|  0%| F|  |TAMS 0x0000000602c00000, 0x0000000602c00000| Untracked 
|   8|0x0000000602e00000, 0x0000000602e00000, 0x0000000603000000|  0%| F|  |TAMS 0x0000000602e00000, 0x0000000602e00000| Untracked 
|   9|0x0000000603000000, 0x0000000603000000, 0x0000000603200000|  0%| F|  |TAMS 0x0000000603000000, 0x0000000603000000| Untracked 
|  10|0x0000000603200000, 0x0000000603200000, 0x0000000603400000|  0%| F|  |TAMS 0x0000000603200000, 0x0000000603200000| Untracked 
|  11|0x0000000603400000, 0x0000000603400000, 0x0000000603600000|  0%| F|  |TAMS 0x0000000603400000, 0x0000000603400000| Untracked 
|  12|0x0000000603600000, 0x0000000603600000, 0x0000000603800000|  0%| F|  |TAMS 0x0000000603600000, 0x0000000603600000| Untracked 
|  13|0x0000000603800000, 0x0000000603800000, 0x0000000603a00000|  0%| F|  |TAMS 0x0000000603800000, 0x0000000603800000| Untracked 
|  14|0x0000000603a00000, 0x0000000603a00000, 0x0000000603c00000|  0%| F|  |TAMS 0x0000000603a00000, 0x0000000603a00000| Untracked 
|  15|0x0000000603c00000, 0x0000000603c00000, 0x0000000603e00000|  0%| F|  |TAMS 0x0000000603c00000, 0x0000000603c00000| Untracked 
|  16|0x0000000603e00000, 0x0000000603e00000, 0x0000000604000000|  0%| F|  |TAMS 0x0000000603e00000, 0x0000000603e00000| Untracked 
|  17|0x0000000604000000, 0x0000000604000000, 0x0000000604200000|  0%| F|  |TAMS 0x0000000604000000, 0x0000000604000000| Untracked 
|  18|0x0000000604200000, 0x0000000604200000, 0x0000000604400000|  0%| F|  |TAMS 0x0000000604200000, 0x0000000604200000| Untracked 
|  19|0x0000000604400000, 0x0000000604400000, 0x0000000604600000|  0%| F|  |TAMS 0x0000000604400000, 0x0000000604400000| Untracked 
|  20|0x0000000604600000, 0x0000000604600000, 0x0000000604800000|  0%| F|  |TAMS 0x0000000604600000, 0x0000000604600000| Untracked 
|  21|0x0000000604800000, 0x0000000604800000, 0x0000000604a00000|  0%| F|  |TAMS 0x0000000604800000, 0x0000000604800000| Untracked 
|  22|0x0000000604a00000, 0x0000000604a00000, 0x0000000604c00000|  0%| F|  |TAMS 0x0000000604a00000, 0x0000000604a00000| Untracked 
|  23|0x0000000604c00000, 0x0000000604c00000, 0x0000000604e00000|  0%| F|  |TAMS 0x0000000604c00000, 0x0000000604c00000| Untracked 
|  24|0x0000000604e00000, 0x0000000604e00000, 0x0000000605000000|  0%| F|  |TAMS 0x0000000604e00000, 0x0000000604e00000| Untracked 
|  25|0x0000000605000000, 0x0000000605000000, 0x0000000605200000|  0%| F|  |TAMS 0x0000000605000000, 0x0000000605000000| Untracked 
|  26|0x0000000605200000, 0x0000000605200000, 0x0000000605400000|  0%| F|  |TAMS 0x0000000605200000, 0x0000000605200000| Untracked 
|  27|0x0000000605400000, 0x0000000605400000, 0x0000000605600000|  0%| F|  |TAMS 0x0000000605400000, 0x0000000605400000| Untracked 
|  28|0x0000000605600000, 0x0000000605600000, 0x0000000605800000|  0%| F|  |TAMS 0x0000000605600000, 0x0000000605600000| Untracked 
|  29|0x0000000605800000, 0x0000000605800000, 0x0000000605a00000|  0%| F|  |TAMS 0x0000000605800000, 0x0000000605800000| Untracked 
|  30|0x0000000605a00000, 0x0000000605a00000, 0x0000000605c00000|  0%| F|  |TAMS 0x0000000605a00000, 0x0000000605a00000| Untracked 
|  31|0x0000000605c00000, 0x0000000605c00000, 0x0000000605e00000|  0%| F|  |TAMS 0x0000000605c00000, 0x0000000605c00000| Untracked 
|  32|0x0000000605e00000, 0x0000000605e00000, 0x0000000606000000|  0%| F|  |TAMS 0x0000000605e00000, 0x0000000605e00000| Untracked 
|  33|0x0000000606000000, 0x0000000606000000, 0x0000000606200000|  0%| F|  |TAMS 0x0000000606000000, 0x0000000606000000| Untracked 
|  34|0x0000000606200000, 0x0000000606200000, 0x0000000606400000|  0%| F|  |TAMS 0x0000000606200000, 0x0000000606200000| Untracked 
|  35|0x0000000606400000, 0x0000000606400000, 0x0000000606600000|  0%| F|  |TAMS 0x0000000606400000, 0x0000000606400000| Untracked 
|  36|0x0000000606600000, 0x0000000606600000, 0x0000000606800000|  0%| F|  |TAMS 0x0000000606600000, 0x0000000606600000| Untracked 
|  37|0x0000000606800000, 0x0000000606800000, 0x0000000606a00000|  0%| F|  |TAMS 0x0000000606800000, 0x0000000606800000| Untracked 
|  38|0x0000000606a00000, 0x0000000606a00000, 0x0000000606c00000|  0%| F|  |TAMS 0x0000000606a00000, 0x0000000606a00000| Untracked 
|  39|0x0000000606c00000, 0x0000000606c00000, 0x0000000606e00000|  0%| F|  |TAMS 0x0000000606c00000, 0x0000000606c00000| Untracked 
|  40|0x0000000606e00000, 0x0000000606e00000, 0x0000000607000000|  0%| F|  |TAMS 0x0000000606e00000, 0x0000000606e00000| Untracked 
|  41|0x0000000607000000, 0x0000000607000000, 0x0000000607200000|  0%| F|  |TAMS 0x0000000607000000, 0x0000000607000000| Untracked 
|  42|0x0000000607200000, 0x0000000607200000, 0x0000000607400000|  0%| F|  |TAMS 0x0000000607200000, 0x0000000607200000| Untracked 
|  43|0x0000000607400000, 0x0000000607400000, 0x0000000607600000|  0%| F|  |TAMS 0x0000000607400000, 0x0000000607400000| Untracked 
|  44|0x0000000607600000, 0x0000000607600000, 0x0000000607800000|  0%| F|  |TAMS 0x0000000607600000, 0x0000000607600000| Untracked 
|  45|0x0000000607800000, 0x0000000607800000, 0x0000000607a00000|  0%| F|  |TAMS 0x0000000607800000, 0x0000000607800000| Untracked 
|  46|0x0000000607a00000, 0x0000000607a00000, 0x0000000607c00000|  0%| F|  |TAMS 0x0000000607a00000, 0x0000000607a00000| Untracked 
|  47|0x0000000607c00000, 0x0000000607c00000, 0x0000000607e00000|  0%| F|  |TAMS 0x0000000607c00000, 0x0000000607c00000| Untracked 
|  48|0x0000000607e00000, 0x0000000607e00000, 0x0000000608000000|  0%| F|  |TAMS 0x0000000607e00000, 0x0000000607e00000| Untracked 
|  49|0x0000000608000000, 0x0000000608000000, 0x0000000608200000|  0%| F|  |TAMS 0x0000000608000000, 0x0000000608000000| Untracked 
|  50|0x0000000608200000, 0x0000000608200000, 0x0000000608400000|  0%| F|  |TAMS 0x0000000608200000, 0x0000000608200000| Untracked 
|  51|0x0000000608400000, 0x0000000608400000, 0x0000000608600000|  0%| F|  |TAMS 0x0000000608400000, 0x0000000608400000| Untracked 
|  52|0x0000000608600000, 0x0000000608600000, 0x0000000608800000|  0%| F|  |TAMS 0x0000000608600000, 0x0000000608600000| Untracked 
|  53|0x0000000608800000, 0x0000000608800000, 0x0000000608a00000|  0%| F|  |TAMS 0x0000000608800000, 0x0000000608800000| Untracked 
|  54|0x0000000608a00000, 0x0000000608a00000, 0x0000000608c00000|  0%| F|  |TAMS 0x0000000608a00000, 0x0000000608a00000| Untracked 
|  55|0x0000000608c00000, 0x0000000608c00000, 0x0000000608e00000|  0%| F|  |TAMS 0x0000000608c00000, 0x0000000608c00000| Untracked 
|  56|0x0000000608e00000, 0x0000000608e00000, 0x0000000609000000|  0%| F|  |TAMS 0x0000000608e00000, 0x0000000608e00000| Untracked 
|  57|0x0000000609000000, 0x0000000609000000, 0x0000000609200000|  0%| F|  |TAMS 0x0000000609000000, 0x0000000609000000| Untracked 
|  58|0x0000000609200000, 0x0000000609200000, 0x0000000609400000|  0%| F|  |TAMS 0x0000000609200000, 0x0000000609200000| Untracked 
|  59|0x0000000609400000, 0x0000000609400000, 0x0000000609600000|  0%| F|  |TAMS 0x0000000609400000, 0x0000000609400000| Untracked 
|  60|0x0000000609600000, 0x0000000609600000, 0x0000000609800000|  0%| F|  |TAMS 0x0000000609600000, 0x0000000609600000| Untracked 
|  61|0x0000000609800000, 0x0000000609800000, 0x0000000609a00000|  0%| F|  |TAMS 0x0000000609800000, 0x0000000609800000| Untracked 
|  62|0x0000000609a00000, 0x0000000609a00000, 0x0000000609c00000|  0%| F|  |TAMS 0x0000000609a00000, 0x0000000609a00000| Untracked 
|  63|0x0000000609c00000, 0x0000000609c00000, 0x0000000609e00000|  0%| F|  |TAMS 0x0000000609c00000, 0x0000000609c00000| Untracked 
|  64|0x0000000609e00000, 0x0000000609e00000, 0x000000060a000000|  0%| F|  |TAMS 0x0000000609e00000, 0x0000000609e00000| Untracked 
|  65|0x000000060a000000, 0x000000060a000000, 0x000000060a200000|  0%| F|  |TAMS 0x000000060a000000, 0x000000060a000000| Untracked 
|  66|0x000000060a200000, 0x000000060a200000, 0x000000060a400000|  0%| F|  |TAMS 0x000000060a200000, 0x000000060a200000| Untracked 
|  67|0x000000060a400000, 0x000000060a400000, 0x000000060a600000|  0%| F|  |TAMS 0x000000060a400000, 0x000000060a400000| Untracked 
|  68|0x000000060a600000, 0x000000060a600000, 0x000000060a800000|  0%| F|  |TAMS 0x000000060a600000, 0x000000060a600000| Untracked 
|  69|0x000000060a800000, 0x000000060a800000, 0x000000060aa00000|  0%| F|  |TAMS 0x000000060a800000, 0x000000060a800000| Untracked 
|  70|0x000000060aa00000, 0x000000060aa00000, 0x000000060ac00000|  0%| F|  |TAMS 0x000000060aa00000, 0x000000060aa00000| Untracked 
|  71|0x000000060ac00000, 0x000000060ac00000, 0x000000060ae00000|  0%| F|  |TAMS 0x000000060ac00000, 0x000000060ac00000| Untracked 
|  72|0x000000060ae00000, 0x000000060ae00000, 0x000000060b000000|  0%| F|  |TAMS 0x000000060ae00000, 0x000000060ae00000| Untracked 
|  73|0x000000060b000000, 0x000000060b000000, 0x000000060b200000|  0%| F|  |TAMS 0x000000060b000000, 0x000000060b000000| Untracked 
|  74|0x000000060b200000, 0x000000060b200000, 0x000000060b400000|  0%| F|  |TAMS 0x000000060b200000, 0x000000060b200000| Untracked 
|  75|0x000000060b400000, 0x000000060b400000, 0x000000060b600000|  0%| F|  |TAMS 0x000000060b400000, 0x000000060b400000| Untracked 
|  76|0x000000060b600000, 0x000000060b600000, 0x000000060b800000|  0%| F|  |TAMS 0x000000060b600000, 0x000000060b600000| Untracked 
|  77|0x000000060b800000, 0x000000060b800000, 0x000000060ba00000|  0%| F|  |TAMS 0x000000060b800000, 0x000000060b800000| Untracked 
|  78|0x000000060ba00000, 0x000000060ba00000, 0x000000060bc00000|  0%| F|  |TAMS 0x000000060ba00000, 0x000000060ba00000| Untracked 
|  79|0x000000060bc00000, 0x000000060bc00000, 0x000000060be00000|  0%| F|  |TAMS 0x000000060bc00000, 0x000000060bc00000| Untracked 
|  80|0x000000060be00000, 0x000000060be00000, 0x000000060c000000|  0%| F|  |TAMS 0x000000060be00000, 0x000000060be00000| Untracked 
|  81|0x000000060c000000, 0x000000060c000000, 0x000000060c200000|  0%| F|  |TAMS 0x000000060c000000, 0x000000060c000000| Untracked 
|  82|0x000000060c200000, 0x000000060c200000, 0x000000060c400000|  0%| F|  |TAMS 0x000000060c200000, 0x000000060c200000| Untracked 
|  83|0x000000060c400000, 0x000000060c400000, 0x000000060c600000|  0%| F|  |TAMS 0x000000060c400000, 0x000000060c400000| Untracked 
|  84|0x000000060c600000, 0x000000060c600000, 0x000000060c800000|  0%| F|  |TAMS 0x000000060c600000, 0x000000060c600000| Untracked 
|  85|0x000000060c800000, 0x000000060c800000, 0x000000060ca00000|  0%| F|  |TAMS 0x000000060c800000, 0x000000060c800000| Untracked 
|  86|0x000000060ca00000, 0x000000060ca00000, 0x000000060cc00000|  0%| F|  |TAMS 0x000000060ca00000, 0x000000060ca00000| Untracked 
|  87|0x000000060cc00000, 0x000000060cc00000, 0x000000060ce00000|  0%| F|  |TAMS 0x000000060cc00000, 0x000000060cc00000| Untracked 
|  88|0x000000060ce00000, 0x000000060ce00000, 0x000000060d000000|  0%| F|  |TAMS 0x000000060ce00000, 0x000000060ce00000| Untracked 
|  89|0x000000060d000000, 0x000000060d000000, 0x000000060d200000|  0%| F|  |TAMS 0x000000060d000000, 0x000000060d000000| Untracked 
|  90|0x000000060d200000, 0x000000060d200000, 0x000000060d400000|  0%| F|  |TAMS 0x000000060d200000, 0x000000060d200000| Untracked 
|  91|0x000000060d400000, 0x000000060d400000, 0x000000060d600000|  0%| F|  |TAMS 0x000000060d400000, 0x000000060d400000| Untracked 
|  92|0x000000060d600000, 0x000000060d600000, 0x000000060d800000|  0%| F|  |TAMS 0x000000060d600000, 0x000000060d600000| Untracked 
|  93|0x000000060d800000, 0x000000060d800000, 0x000000060da00000|  0%| F|  |TAMS 0x000000060d800000, 0x000000060d800000| Untracked 
|  94|0x000000060da00000, 0x000000060da00000, 0x000000060dc00000|  0%| F|  |TAMS 0x000000060da00000, 0x000000060da00000| Untracked 
|  95|0x000000060dc00000, 0x000000060dc00000, 0x000000060de00000|  0%| F|  |TAMS 0x000000060dc00000, 0x000000060dc00000| Untracked 
|  96|0x000000060de00000, 0x000000060de00000, 0x000000060e000000|  0%| F|  |TAMS 0x000000060de00000, 0x000000060de00000| Untracked 
|  97|0x000000060e000000, 0x000000060e000000, 0x000000060e200000|  0%| F|  |TAMS 0x000000060e000000, 0x000000060e000000| Untracked 
|  98|0x000000060e200000, 0x000000060e200000, 0x000000060e400000|  0%| F|  |TAMS 0x000000060e200000, 0x000000060e200000| Untracked 
|  99|0x000000060e400000, 0x000000060e400000, 0x000000060e600000|  0%| F|  |TAMS 0x000000060e400000, 0x000000060e400000| Untracked 
| 100|0x000000060e600000, 0x000000060e600000, 0x000000060e800000|  0%| F|  |TAMS 0x000000060e600000, 0x000000060e600000| Untracked 
| 101|0x000000060e800000, 0x000000060e800000, 0x000000060ea00000|  0%| F|  |TAMS 0x000000060e800000, 0x000000060e800000| Untracked 
| 102|0x000000060ea00000, 0x000000060ea00000, 0x000000060ec00000|  0%| F|  |TAMS 0x000000060ea00000, 0x000000060ea00000| Untracked 
| 103|0x000000060ec00000, 0x000000060ec00000, 0x000000060ee00000|  0%| F|  |TAMS 0x000000060ec00000, 0x000000060ec00000| Untracked 
| 104|0x000000060ee00000, 0x000000060ee00000, 0x000000060f000000|  0%| F|  |TAMS 0x000000060ee00000, 0x000000060ee00000| Untracked 
| 105|0x000000060f000000, 0x000000060f000000, 0x000000060f200000|  0%| F|  |TAMS 0x000000060f000000, 0x000000060f000000| Untracked 
| 106|0x000000060f200000, 0x000000060f200000, 0x000000060f400000|  0%| F|  |TAMS 0x000000060f200000, 0x000000060f200000| Untracked 
| 107|0x000000060f400000, 0x000000060f400000, 0x000000060f600000|  0%| F|  |TAMS 0x000000060f400000, 0x000000060f400000| Untracked 
| 108|0x000000060f600000, 0x000000060f600000, 0x000000060f800000|  0%| F|  |TAMS 0x000000060f600000, 0x000000060f600000| Untracked 
| 109|0x000000060f800000, 0x000000060f800000, 0x000000060fa00000|  0%| F|  |TAMS 0x000000060f800000, 0x000000060f800000| Untracked 
| 110|0x000000060fa00000, 0x000000060fa00000, 0x000000060fc00000|  0%| F|  |TAMS 0x000000060fa00000, 0x000000060fa00000| Untracked 
| 111|0x000000060fc00000, 0x000000060fc00000, 0x000000060fe00000|  0%| F|  |TAMS 0x000000060fc00000, 0x000000060fc00000| Untracked 
| 112|0x000000060fe00000, 0x000000060fe00000, 0x0000000610000000|  0%| F|  |TAMS 0x000000060fe00000, 0x000000060fe00000| Untracked 
| 113|0x0000000610000000, 0x0000000610000000, 0x0000000610200000|  0%| F|  |TAMS 0x0000000610000000, 0x0000000610000000| Untracked 
| 114|0x0000000610200000, 0x0000000610200000, 0x0000000610400000|  0%| F|  |TAMS 0x0000000610200000, 0x0000000610200000| Untracked 
| 115|0x0000000610400000, 0x0000000610400000, 0x0000000610600000|  0%| F|  |TAMS 0x0000000610400000, 0x0000000610400000| Untracked 
| 116|0x0000000610600000, 0x0000000610600000, 0x0000000610800000|  0%| F|  |TAMS 0x0000000610600000, 0x0000000610600000| Untracked 
| 117|0x0000000610800000, 0x0000000610800000, 0x0000000610a00000|  0%| F|  |TAMS 0x0000000610800000, 0x0000000610800000| Untracked 
| 118|0x0000000610a00000, 0x0000000610a00000, 0x0000000610c00000|  0%| F|  |TAMS 0x0000000610a00000, 0x0000000610a00000| Untracked 
| 119|0x0000000610c00000, 0x0000000610c00000, 0x0000000610e00000|  0%| F|  |TAMS 0x0000000610c00000, 0x0000000610c00000| Untracked 
| 120|0x0000000610e00000, 0x0000000610e00000, 0x0000000611000000|  0%| F|  |TAMS 0x0000000610e00000, 0x0000000610e00000| Untracked 
| 121|0x0000000611000000, 0x0000000611000000, 0x0000000611200000|  0%| F|  |TAMS 0x0000000611000000, 0x0000000611000000| Untracked 
| 122|0x0000000611200000, 0x0000000611200000, 0x0000000611400000|  0%| F|  |TAMS 0x0000000611200000, 0x0000000611200000| Untracked 
| 123|0x0000000611400000, 0x0000000611400000, 0x0000000611600000|  0%| F|  |TAMS 0x0000000611400000, 0x0000000611400000| Untracked 
| 124|0x0000000611600000, 0x0000000611600000, 0x0000000611800000|  0%| F|  |TAMS 0x0000000611600000, 0x0000000611600000| Untracked 
| 125|0x0000000611800000, 0x0000000611800000, 0x0000000611a00000|  0%| F|  |TAMS 0x0000000611800000, 0x0000000611800000| Untracked 
| 126|0x0000000611a00000, 0x0000000611a00000, 0x0000000611c00000|  0%| F|  |TAMS 0x0000000611a00000, 0x0000000611a00000| Untracked 
| 127|0x0000000611c00000, 0x0000000611c00000, 0x0000000611e00000|  0%| F|  |TAMS 0x0000000611c00000, 0x0000000611c00000| Untracked 
| 128|0x0000000611e00000, 0x0000000611e00000, 0x0000000612000000|  0%| F|  |TAMS 0x0000000611e00000, 0x0000000611e00000| Untracked 
| 129|0x0000000612000000, 0x0000000612000000, 0x0000000612200000|  0%| F|  |TAMS 0x0000000612000000, 0x0000000612000000| Untracked 
| 130|0x0000000612200000, 0x0000000612200000, 0x0000000612400000|  0%| F|  |TAMS 0x0000000612200000, 0x0000000612200000| Untracked 
| 131|0x0000000612400000, 0x0000000612400000, 0x0000000612600000|  0%| F|  |TAMS 0x0000000612400000, 0x0000000612400000| Untracked 
| 132|0x0000000612600000, 0x0000000612600000, 0x0000000612800000|  0%| F|  |TAMS 0x0000000612600000, 0x0000000612600000| Untracked 
| 133|0x0000000612800000, 0x0000000612800000, 0x0000000612a00000|  0%| F|  |TAMS 0x0000000612800000, 0x0000000612800000| Untracked 
| 134|0x0000000612a00000, 0x0000000612a00000, 0x0000000612c00000|  0%| F|  |TAMS 0x0000000612a00000, 0x0000000612a00000| Untracked 
| 135|0x0000000612c00000, 0x0000000612c00000, 0x0000000612e00000|  0%| F|  |TAMS 0x0000000612c00000, 0x0000000612c00000| Untracked 
| 136|0x0000000612e00000, 0x0000000612e00000, 0x0000000613000000|  0%| F|  |TAMS 0x0000000612e00000, 0x0000000612e00000| Untracked 
| 137|0x0000000613000000, 0x0000000613000000, 0x0000000613200000|  0%| F|  |TAMS 0x0000000613000000, 0x0000000613000000| Untracked 
| 138|0x0000000613200000, 0x0000000613200000, 0x0000000613400000|  0%| F|  |TAMS 0x0000000613200000, 0x0000000613200000| Untracked 
| 139|0x0000000613400000, 0x0000000613400000, 0x0000000613600000|  0%| F|  |TAMS 0x0000000613400000, 0x0000000613400000| Untracked 
| 140|0x0000000613600000, 0x0000000613600000, 0x0000000613800000|  0%| F|  |TAMS 0x0000000613600000, 0x0000000613600000| Untracked 
| 141|0x0000000613800000, 0x0000000613800000, 0x0000000613a00000|  0%| F|  |TAMS 0x0000000613800000, 0x0000000613800000| Untracked 
| 142|0x0000000613a00000, 0x0000000613a00000, 0x0000000613c00000|  0%| F|  |TAMS 0x0000000613a00000, 0x0000000613a00000| Untracked 
| 143|0x0000000613c00000, 0x0000000613c00000, 0x0000000613e00000|  0%| F|  |TAMS 0x0000000613c00000, 0x0000000613c00000| Untracked 
| 144|0x0000000613e00000, 0x0000000613e00000, 0x0000000614000000|  0%| F|  |TAMS 0x0000000613e00000, 0x0000000613e00000| Untracked 
| 145|0x0000000614000000, 0x0000000614000000, 0x0000000614200000|  0%| F|  |TAMS 0x0000000614000000, 0x0000000614000000| Untracked 
| 146|0x0000000614200000, 0x0000000614200000, 0x0000000614400000|  0%| F|  |TAMS 0x0000000614200000, 0x0000000614200000| Untracked 
| 147|0x0000000614400000, 0x0000000614400000, 0x0000000614600000|  0%| F|  |TAMS 0x0000000614400000, 0x0000000614400000| Untracked 
| 148|0x0000000614600000, 0x0000000614600000, 0x0000000614800000|  0%| F|  |TAMS 0x0000000614600000, 0x0000000614600000| Untracked 
| 149|0x0000000614800000, 0x0000000614800000, 0x0000000614a00000|  0%| F|  |TAMS 0x0000000614800000, 0x0000000614800000| Untracked 
| 150|0x0000000614a00000, 0x0000000614a00000, 0x0000000614c00000|  0%| F|  |TAMS 0x0000000614a00000, 0x0000000614a00000| Untracked 
| 151|0x0000000614c00000, 0x0000000614c00000, 0x0000000614e00000|  0%| F|  |TAMS 0x0000000614c00000, 0x0000000614c00000| Untracked 
| 152|0x0000000614e00000, 0x0000000614e00000, 0x0000000615000000|  0%| F|  |TAMS 0x0000000614e00000, 0x0000000614e00000| Untracked 
| 153|0x0000000615000000, 0x0000000615000000, 0x0000000615200000|  0%| F|  |TAMS 0x0000000615000000, 0x0000000615000000| Untracked 
| 154|0x0000000615200000, 0x0000000615200000, 0x0000000615400000|  0%| F|  |TAMS 0x0000000615200000, 0x0000000615200000| Untracked 
| 155|0x0000000615400000, 0x0000000615400000, 0x0000000615600000|  0%| F|  |TAMS 0x0000000615400000, 0x0000000615400000| Untracked 
| 156|0x0000000615600000, 0x0000000615600000, 0x0000000615800000|  0%| F|  |TAMS 0x0000000615600000, 0x0000000615600000| Untracked 
| 157|0x0000000615800000, 0x0000000615800000, 0x0000000615a00000|  0%| F|  |TAMS 0x0000000615800000, 0x0000000615800000| Untracked 
| 158|0x0000000615a00000, 0x0000000615a00000, 0x0000000615c00000|  0%| F|  |TAMS 0x0000000615a00000, 0x0000000615a00000| Untracked 
| 159|0x0000000615c00000, 0x0000000615c00000, 0x0000000615e00000|  0%| F|  |TAMS 0x0000000615c00000, 0x0000000615c00000| Untracked 
| 160|0x0000000615e00000, 0x0000000615e00000, 0x0000000616000000|  0%| F|  |TAMS 0x0000000615e00000, 0x0000000615e00000| Untracked 
| 161|0x0000000616000000, 0x0000000616000000, 0x0000000616200000|  0%| F|  |TAMS 0x0000000616000000, 0x0000000616000000| Untracked 
| 162|0x0000000616200000, 0x0000000616200000, 0x0000000616400000|  0%| F|  |TAMS 0x0000000616200000, 0x0000000616200000| Untracked 
| 163|0x0000000616400000, 0x0000000616400000, 0x0000000616600000|  0%| F|  |TAMS 0x0000000616400000, 0x0000000616400000| Untracked 
| 164|0x0000000616600000, 0x0000000616600000, 0x0000000616800000|  0%| F|  |TAMS 0x0000000616600000, 0x0000000616600000| Untracked 
| 165|0x0000000616800000, 0x0000000616800000, 0x0000000616a00000|  0%| F|  |TAMS 0x0000000616800000, 0x0000000616800000| Untracked 
| 166|0x0000000616a00000, 0x0000000616a00000, 0x0000000616c00000|  0%| F|  |TAMS 0x0000000616a00000, 0x0000000616a00000| Untracked 
| 167|0x0000000616c00000, 0x0000000616c00000, 0x0000000616e00000|  0%| F|  |TAMS 0x0000000616c00000, 0x0000000616c00000| Untracked 
| 168|0x0000000616e00000, 0x0000000616e00000, 0x0000000617000000|  0%| F|  |TAMS 0x0000000616e00000, 0x0000000616e00000| Untracked 
| 169|0x0000000617000000, 0x0000000617000000, 0x0000000617200000|  0%| F|  |TAMS 0x0000000617000000, 0x0000000617000000| Untracked 
| 170|0x0000000617200000, 0x0000000617200000, 0x0000000617400000|  0%| F|  |TAMS 0x0000000617200000, 0x0000000617200000| Untracked 
| 171|0x0000000617400000, 0x0000000617400000, 0x0000000617600000|  0%| F|  |TAMS 0x0000000617400000, 0x0000000617400000| Untracked 
| 172|0x0000000617600000, 0x0000000617600000, 0x0000000617800000|  0%| F|  |TAMS 0x0000000617600000, 0x0000000617600000| Untracked 
| 173|0x0000000617800000, 0x0000000617800000, 0x0000000617a00000|  0%| F|  |TAMS 0x0000000617800000, 0x0000000617800000| Untracked 
| 174|0x0000000617a00000, 0x0000000617a00000, 0x0000000617c00000|  0%| F|  |TAMS 0x0000000617a00000, 0x0000000617a00000| Untracked 
| 175|0x0000000617c00000, 0x0000000617c00000, 0x0000000617e00000|  0%| F|  |TAMS 0x0000000617c00000, 0x0000000617c00000| Untracked 
| 176|0x0000000617e00000, 0x0000000617e00000, 0x0000000618000000|  0%| F|  |TAMS 0x0000000617e00000, 0x0000000617e00000| Untracked 
| 177|0x0000000618000000, 0x0000000618000000, 0x0000000618200000|  0%| F|  |TAMS 0x0000000618000000, 0x0000000618000000| Untracked 
| 178|0x0000000618200000, 0x0000000618200000, 0x0000000618400000|  0%| F|  |TAMS 0x0000000618200000, 0x0000000618200000| Untracked 
| 179|0x0000000618400000, 0x0000000618400000, 0x0000000618600000|  0%| F|  |TAMS 0x0000000618400000, 0x0000000618400000| Untracked 
| 180|0x0000000618600000, 0x0000000618600000, 0x0000000618800000|  0%| F|  |TAMS 0x0000000618600000, 0x0000000618600000| Untracked 
| 181|0x0000000618800000, 0x0000000618800000, 0x0000000618a00000|  0%| F|  |TAMS 0x0000000618800000, 0x0000000618800000| Untracked 
| 182|0x0000000618a00000, 0x0000000618a00000, 0x0000000618c00000|  0%| F|  |TAMS 0x0000000618a00000, 0x0000000618a00000| Untracked 
| 183|0x0000000618c00000, 0x0000000618c00000, 0x0000000618e00000|  0%| F|  |TAMS 0x0000000618c00000, 0x0000000618c00000| Untracked 
| 184|0x0000000618e00000, 0x0000000618e00000, 0x0000000619000000|  0%| F|  |TAMS 0x0000000618e00000, 0x0000000618e00000| Untracked 
| 185|0x0000000619000000, 0x0000000619000000, 0x0000000619200000|  0%| F|  |TAMS 0x0000000619000000, 0x0000000619000000| Untracked 
| 186|0x0000000619200000, 0x0000000619200000, 0x0000000619400000|  0%| F|  |TAMS 0x0000000619200000, 0x0000000619200000| Untracked 
| 187|0x0000000619400000, 0x0000000619400000, 0x0000000619600000|  0%| F|  |TAMS 0x0000000619400000, 0x0000000619400000| Untracked 
| 188|0x0000000619600000, 0x0000000619600000, 0x0000000619800000|  0%| F|  |TAMS 0x0000000619600000, 0x0000000619600000| Untracked 
| 189|0x0000000619800000, 0x0000000619800000, 0x0000000619a00000|  0%| F|  |TAMS 0x0000000619800000, 0x0000000619800000| Untracked 
| 190|0x0000000619a00000, 0x0000000619a00000, 0x0000000619c00000|  0%| F|  |TAMS 0x0000000619a00000, 0x0000000619a00000| Untracked 
| 191|0x0000000619c00000, 0x0000000619c00000, 0x0000000619e00000|  0%| F|  |TAMS 0x0000000619c00000, 0x0000000619c00000| Untracked 
| 192|0x0000000619e00000, 0x0000000619e00000, 0x000000061a000000|  0%| F|  |TAMS 0x0000000619e00000, 0x0000000619e00000| Untracked 
| 193|0x000000061a000000, 0x000000061a000000, 0x000000061a200000|  0%| F|  |TAMS 0x000000061a000000, 0x000000061a000000| Untracked 
| 194|0x000000061a200000, 0x000000061a200000, 0x000000061a400000|  0%| F|  |TAMS 0x000000061a200000, 0x000000061a200000| Untracked 
| 195|0x000000061a400000, 0x000000061a400000, 0x000000061a600000|  0%| F|  |TAMS 0x000000061a400000, 0x000000061a400000| Untracked 
| 196|0x000000061a600000, 0x000000061a600000, 0x000000061a800000|  0%| F|  |TAMS 0x000000061a600000, 0x000000061a600000| Untracked 
| 197|0x000000061a800000, 0x000000061a800000, 0x000000061aa00000|  0%| F|  |TAMS 0x000000061a800000, 0x000000061a800000| Untracked 
| 198|0x000000061aa00000, 0x000000061aa00000, 0x000000061ac00000|  0%| F|  |TAMS 0x000000061aa00000, 0x000000061aa00000| Untracked 
| 199|0x000000061ac00000, 0x000000061ac00000, 0x000000061ae00000|  0%| F|  |TAMS 0x000000061ac00000, 0x000000061ac00000| Untracked 
| 200|0x000000061ae00000, 0x000000061ae00000, 0x000000061b000000|  0%| F|  |TAMS 0x000000061ae00000, 0x000000061ae00000| Untracked 
| 201|0x000000061b000000, 0x000000061b000000, 0x000000061b200000|  0%| F|  |TAMS 0x000000061b000000, 0x000000061b000000| Untracked 
| 202|0x000000061b200000, 0x000000061b200000, 0x000000061b400000|  0%| F|  |TAMS 0x000000061b200000, 0x000000061b200000| Untracked 
| 203|0x000000061b400000, 0x000000061b400000, 0x000000061b600000|  0%| F|  |TAMS 0x000000061b400000, 0x000000061b400000| Untracked 
| 204|0x000000061b600000, 0x000000061b600000, 0x000000061b800000|  0%| F|  |TAMS 0x000000061b600000, 0x000000061b600000| Untracked 
| 205|0x000000061b800000, 0x000000061b800000, 0x000000061ba00000|  0%| F|  |TAMS 0x000000061b800000, 0x000000061b800000| Untracked 
| 206|0x000000061ba00000, 0x000000061ba00000, 0x000000061bc00000|  0%| F|  |TAMS 0x000000061ba00000, 0x000000061ba00000| Untracked 
| 207|0x000000061bc00000, 0x000000061bc00000, 0x000000061be00000|  0%| F|  |TAMS 0x000000061bc00000, 0x000000061bc00000| Untracked 
| 208|0x000000061be00000, 0x000000061be00000, 0x000000061c000000|  0%| F|  |TAMS 0x000000061be00000, 0x000000061be00000| Untracked 
| 209|0x000000061c000000, 0x000000061c000000, 0x000000061c200000|  0%| F|  |TAMS 0x000000061c000000, 0x000000061c000000| Untracked 
| 210|0x000000061c200000, 0x000000061c200000, 0x000000061c400000|  0%| F|  |TAMS 0x000000061c200000, 0x000000061c200000| Untracked 
| 211|0x000000061c400000, 0x000000061c400000, 0x000000061c600000|  0%| F|  |TAMS 0x000000061c400000, 0x000000061c400000| Untracked 
| 212|0x000000061c600000, 0x000000061c600000, 0x000000061c800000|  0%| F|  |TAMS 0x000000061c600000, 0x000000061c600000| Untracked 
| 213|0x000000061c800000, 0x000000061c800000, 0x000000061ca00000|  0%| F|  |TAMS 0x000000061c800000, 0x000000061c800000| Untracked 
| 214|0x000000061ca00000, 0x000000061ca00000, 0x000000061cc00000|  0%| F|  |TAMS 0x000000061ca00000, 0x000000061ca00000| Untracked 
| 215|0x000000061cc00000, 0x000000061cc00000, 0x000000061ce00000|  0%| F|  |TAMS 0x000000061cc00000, 0x000000061cc00000| Untracked 
| 216|0x000000061ce00000, 0x000000061ce00000, 0x000000061d000000|  0%| F|  |TAMS 0x000000061ce00000, 0x000000061ce00000| Untracked 
| 217|0x000000061d000000, 0x000000061d000000, 0x000000061d200000|  0%| F|  |TAMS 0x000000061d000000, 0x000000061d000000| Untracked 
| 218|0x000000061d200000, 0x000000061d200000, 0x000000061d400000|  0%| F|  |TAMS 0x000000061d200000, 0x000000061d200000| Untracked 
| 219|0x000000061d400000, 0x000000061d400000, 0x000000061d600000|  0%| F|  |TAMS 0x000000061d400000, 0x000000061d400000| Untracked 
| 220|0x000000061d600000, 0x000000061d600000, 0x000000061d800000|  0%| F|  |TAMS 0x000000061d600000, 0x000000061d600000| Untracked 
| 221|0x000000061d800000, 0x000000061d800000, 0x000000061da00000|  0%| F|  |TAMS 0x000000061d800000, 0x000000061d800000| Untracked 
| 222|0x000000061da00000, 0x000000061da00000, 0x000000061dc00000|  0%| F|  |TAMS 0x000000061da00000, 0x000000061da00000| Untracked 
| 223|0x000000061dc00000, 0x000000061dc00000, 0x000000061de00000|  0%| F|  |TAMS 0x000000061dc00000, 0x000000061dc00000| Untracked 
| 224|0x000000061de00000, 0x000000061de00000, 0x000000061e000000|  0%| F|  |TAMS 0x000000061de00000, 0x000000061de00000| Untracked 
| 225|0x000000061e000000, 0x000000061e000000, 0x000000061e200000|  0%| F|  |TAMS 0x000000061e000000, 0x000000061e000000| Untracked 
| 226|0x000000061e200000, 0x000000061e200000, 0x000000061e400000|  0%| F|  |TAMS 0x000000061e200000, 0x000000061e200000| Untracked 
| 227|0x000000061e400000, 0x000000061e400000, 0x000000061e600000|  0%| F|  |TAMS 0x000000061e400000, 0x000000061e400000| Untracked 
| 228|0x000000061e600000, 0x000000061e600000, 0x000000061e800000|  0%| F|  |TAMS 0x000000061e600000, 0x000000061e600000| Untracked 
| 229|0x000000061e800000, 0x000000061e800000, 0x000000061ea00000|  0%| F|  |TAMS 0x000000061e800000, 0x000000061e800000| Untracked 
| 230|0x000000061ea00000, 0x000000061ea00000, 0x000000061ec00000|  0%| F|  |TAMS 0x000000061ea00000, 0x000000061ea00000| Untracked 
| 231|0x000000061ec00000, 0x000000061ec00000, 0x000000061ee00000|  0%| F|  |TAMS 0x000000061ec00000, 0x000000061ec00000| Untracked 
| 232|0x000000061ee00000, 0x000000061ee00000, 0x000000061f000000|  0%| F|  |TAMS 0x000000061ee00000, 0x000000061ee00000| Untracked 
| 233|0x000000061f000000, 0x000000061f000000, 0x000000061f200000|  0%| F|  |TAMS 0x000000061f000000, 0x000000061f000000| Untracked 
| 234|0x000000061f200000, 0x000000061f200000, 0x000000061f400000|  0%| F|  |TAMS 0x000000061f200000, 0x000000061f200000| Untracked 
| 235|0x000000061f400000, 0x000000061f400000, 0x000000061f600000|  0%| F|  |TAMS 0x000000061f400000, 0x000000061f400000| Untracked 
| 236|0x000000061f600000, 0x000000061f600000, 0x000000061f800000|  0%| F|  |TAMS 0x000000061f600000, 0x000000061f600000| Untracked 
| 237|0x000000061f800000, 0x000000061f800000, 0x000000061fa00000|  0%| F|  |TAMS 0x000000061f800000, 0x000000061f800000| Untracked 
| 238|0x000000061fa00000, 0x000000061fa00000, 0x000000061fc00000|  0%| F|  |TAMS 0x000000061fa00000, 0x000000061fa00000| Untracked 
| 239|0x000000061fc00000, 0x000000061fc00000, 0x000000061fe00000|  0%| F|  |TAMS 0x000000061fc00000, 0x000000061fc00000| Untracked 
| 240|0x000000061fe00000, 0x000000061fe00000, 0x0000000620000000|  0%| F|  |TAMS 0x000000061fe00000, 0x000000061fe00000| Untracked 
| 241|0x0000000620000000, 0x0000000620000000, 0x0000000620200000|  0%| F|  |TAMS 0x0000000620000000, 0x0000000620000000| Untracked 
| 242|0x0000000620200000, 0x0000000620200000, 0x0000000620400000|  0%| F|  |TAMS 0x0000000620200000, 0x0000000620200000| Untracked 
| 243|0x0000000620400000, 0x0000000620400000, 0x0000000620600000|  0%| F|  |TAMS 0x0000000620400000, 0x0000000620400000| Untracked 
| 244|0x0000000620600000, 0x0000000620600000, 0x0000000620800000|  0%| F|  |TAMS 0x0000000620600000, 0x0000000620600000| Untracked 
| 245|0x0000000620800000, 0x0000000620800000, 0x0000000620a00000|  0%| F|  |TAMS 0x0000000620800000, 0x0000000620800000| Untracked 
| 246|0x0000000620a00000, 0x0000000620a00000, 0x0000000620c00000|  0%| F|  |TAMS 0x0000000620a00000, 0x0000000620a00000| Untracked 
| 247|0x0000000620c00000, 0x0000000620c00000, 0x0000000620e00000|  0%| F|  |TAMS 0x0000000620c00000, 0x0000000620c00000| Untracked 
| 248|0x0000000620e00000, 0x0000000620e00000, 0x0000000621000000|  0%| F|  |TAMS 0x0000000620e00000, 0x0000000620e00000| Untracked 
| 249|0x0000000621000000, 0x0000000621000000, 0x0000000621200000|  0%| F|  |TAMS 0x0000000621000000, 0x0000000621000000| Untracked 
| 250|0x0000000621200000, 0x0000000621200000, 0x0000000621400000|  0%| F|  |TAMS 0x0000000621200000, 0x0000000621200000| Untracked 
| 251|0x0000000621400000, 0x0000000621400000, 0x0000000621600000|  0%| F|  |TAMS 0x0000000621400000, 0x0000000621400000| Untracked 
| 252|0x0000000621600000, 0x0000000621683840, 0x0000000621800000| 25%| E|  |TAMS 0x0000000621600000, 0x0000000621600000| Complete 
| 253|0x0000000621800000, 0x0000000621a00000, 0x0000000621a00000|100%| E|CS|TAMS 0x0000000621800000, 0x0000000621800000| Complete 
| 254|0x0000000621a00000, 0x0000000621c00000, 0x0000000621c00000|100%| E|CS|TAMS 0x0000000621a00000, 0x0000000621a00000| Complete 
| 255|0x0000000621c00000, 0x0000000621e00000, 0x0000000621e00000|100%| E|CS|TAMS 0x0000000621c00000, 0x0000000621c00000| Complete 

Card table byte_map: [0x0000027f73d70000,0x0000027f74d70000] _byte_map_base: 0x0000027f70d61000

Marking Bits (Prev, Next): (CMBitMap*) 0x0000027f6a0f7918, (CMBitMap*) 0x0000027f6a0f7958
 Prev Bits: [0x0000027f75d70000, 0x0000027f7dcf8000)
 Next Bits: [0x0000027f0f000000, 0x0000027f16f88000)

Polling page: 0x0000027f68000000

Metaspace:

Usage:
  Non-class:      4.84 MB capacity,     2.25 MB ( 47%) used,     2.58 MB ( 53%) free+waste,     5.63 KB ( <1%) overhead. 
      Class:    470.00 KB capacity,   209.42 KB ( 45%) used,   257.33 KB ( 55%) free+waste,     3.25 KB ( <1%) overhead. 
       Both:      5.30 MB capacity,     2.46 MB ( 46%) used,     2.83 MB ( 53%) free+waste,     8.88 KB ( <1%) overhead. 

Virtual space:
  Non-class space:        8.00 MB reserved,       5.00 MB ( 63%) committed 
      Class space:        1.00 GB reserved,     512.00 KB ( <1%) committed 
             Both:        1.01 GB reserved,       5.50 MB ( <1%) committed 

Chunk freelists:
   Non-Class:  39.00 KB
       Class:  0 bytes
        Both:  39.00 KB

MaxMetaspaceSize: 17179869184.00 GB
CompressedClassSpaceSize: 1.00 GB

CodeHeap 'non-profiled nmethods': size=120000Kb used=154Kb max_used=154Kb free=119845Kb
 bounds [0x0000027f07ad0000, 0x0000027f07d40000, 0x0000027f0f000000]
CodeHeap 'profiled nmethods': size=120000Kb used=573Kb max_used=573Kb free=119426Kb
 bounds [0x0000027f005a0000, 0x0000027f00810000, 0x0000027f07ad0000]
CodeHeap 'non-nmethods': size=5760Kb used=1512Kb max_used=1526Kb free=4247Kb
 bounds [0x0000027f00000000, 0x0000027f00270000, 0x0000027f005a0000]
 total_blobs=1716 nmethods=457 adapters=784
 compilation: enabled
              stopped_count=0, restarted_count=0
 full_count=0

Compilation events (20 events):
Event: 0.183 Thread 0x0000027f1848d800 nmethod 448 0x0000027f00628490 code [0x0000027f00628640, 0x0000027f00628868]
Event: 0.183 Thread 0x0000027f1848d800  449       1       java.security.CodeSource::getLocationNoFragString (5 bytes)
Event: 0.183 Thread 0x0000027f1848d800 nmethod 449 0x0000027f07af5290 code [0x0000027f07af5420, 0x0000027f07af54f8]
Event: 0.184 Thread 0x0000027f18489800 nmethod 441 0x0000027f07af5590 code [0x0000027f07af57a0, 0x0000027f07af5e88]
Event: 0.189 Thread 0x0000027f1848d800  450       3       jdk.internal.loader.BuiltinClassLoader::moduleReaderFor (45 bytes)
Event: 0.189 Thread 0x0000027f1848d800 nmethod 450 0x0000027f00628910 code [0x0000027f00628b00, 0x0000027f00629258]
Event: 0.189 Thread 0x0000027f1848d800  452       3       jdk.internal.jimage.ImageLocation::decompress (153 bytes)
Event: 0.189 Thread 0x0000027f1848d800 nmethod 452 0x0000027f00629410 code [0x0000027f00629700, 0x0000027f0062a898]
Event: 0.189 Thread 0x0000027f1848d800  455       3       java.util.concurrent.ConcurrentHashMap$Traverser::advance (188 bytes)
Event: 0.189 Thread 0x0000027f18489800  457       4       java.lang.StringLatin1::lastIndexOf (40 bytes)
Event: 0.190 Thread 0x0000027f1848d800 nmethod 455 0x0000027f0062ae90 code [0x0000027f0062b0e0, 0x0000027f0062bf78]
Event: 0.190 Thread 0x0000027f1848d800  451       3       jdk.internal.module.SystemModuleFinders$SystemModuleReader::find (54 bytes)
Event: 0.190 Thread 0x0000027f1848d800 nmethod 451 0x0000027f0062c290 code [0x0000027f0062c5a0, 0x0000027f0062d678]
Event: 0.190 Thread 0x0000027f1848d800  453       3       java.nio.Buffer::<init> (105 bytes)
Event: 0.191 Thread 0x0000027f1848d800 nmethod 453 0x0000027f0062dc90 code [0x0000027f0062df60, 0x0000027f0062ed78]
Event: 0.191 Thread 0x0000027f1848d800  456       1       java.util.Formatter$Flags::valueOf (5 bytes)
Event: 0.191 Thread 0x0000027f1848d800 nmethod 456 0x0000027f07af6210 code [0x0000027f07af63a0, 0x0000027f07af6478]
Event: 0.191 Thread 0x0000027f1848d800  454       3       java.util.concurrent.ConcurrentHashMap$BaseIterator::hasNext (13 bytes)
Event: 0.191 Thread 0x0000027f1848d800 nmethod 454 0x0000027f0062f210 code [0x0000027f0062f3a0, 0x0000027f0062f518]
Event: 0.192 Thread 0x0000027f18489800 nmethod 457 0x0000027f07af6510 code [0x0000027f07af66c0, 0x0000027f07af68d8]

GC Heap History (0 events):
No events

Deoptimization events (16 events):
Event: 0.088 Thread 0x0000027f6a075000 Uncommon trap: trap_request=0xffffff45 fr.pc=0x0000027f07ad1408 relative=0x0000000000000068
Event: 0.088 Thread 0x0000027f6a075000 Uncommon trap: reason=unstable_if action=reinterpret pc=0x0000027f07ad1408 method=java.lang.String.isLatin1()Z @ 10 c2
Event: 0.088 Thread 0x0000027f6a075000 DEOPT PACKING pc=0x0000027f07ad1408 sp=0x000000c5f75fc700
Event: 0.088 Thread 0x0000027f6a075000 DEOPT UNPACKING pc=0x0000027f0004912f sp=0x000000c5f75fc690 mode 2
Event: 0.100 Thread 0x0000027f6a075000 DEOPT PACKING pc=0x0000027f005d3d0e sp=0x000000c5f75fdfb0
Event: 0.100 Thread 0x0000027f6a075000 DEOPT UNPACKING pc=0x0000027f0004964e sp=0x000000c5f75fd450 mode 0
Event: 0.113 Thread 0x0000027f6a075000 Uncommon trap: trap_request=0xffffff45 fr.pc=0x0000027f07ad5744 relative=0x0000000000000084
Event: 0.114 Thread 0x0000027f6a075000 Uncommon trap: reason=unstable_if action=reinterpret pc=0x0000027f07ad5744 method=java.lang.String.isLatin1()Z @ 10 c2
Event: 0.114 Thread 0x0000027f6a075000 DEOPT PACKING pc=0x0000027f07ad5744 sp=0x000000c5f75fee10
Event: 0.114 Thread 0x0000027f6a075000 DEOPT UNPACKING pc=0x0000027f0004912f sp=0x000000c5f75fed50 mode 2
Event: 0.145 Thread 0x0000027f6a075000 DEOPT PACKING pc=0x0000027f005ea832 sp=0x000000c5f75fb380
Event: 0.145 Thread 0x0000027f6a075000 DEOPT UNPACKING pc=0x0000027f0004964e sp=0x000000c5f75fa7e8 mode 0
Event: 0.146 Thread 0x0000027f6a075000 Uncommon trap: trap_request=0xffffff45 fr.pc=0x0000027f07ae4090 relative=0x0000000000000070
Event: 0.146 Thread 0x0000027f6a075000 Uncommon trap: reason=unstable_if action=reinterpret pc=0x0000027f07ae4090 method=java.io.WinNTFileSystem.isSlash(C)Z @ 9 c2
Event: 0.146 Thread 0x0000027f6a075000 DEOPT PACKING pc=0x0000027f07ae4090 sp=0x000000c5f75fb440
Event: 0.146 Thread 0x0000027f6a075000 DEOPT UNPACKING pc=0x0000027f0004912f sp=0x000000c5f75fb3c8 mode 2

Classes unloaded (0 events):
No events

Classes redefined (0 events):
No events

Internal exceptions (8 events):
Event: 0.134 Thread 0x0000027f6a075000 Exception <a 'java/lang/NoSuchMethodError'{0x0000000621872d50}: 'void java.lang.invoke.DelegatingMethodHandle$Holder.delegate(java.lang.Object, java.lang.Object, int, java.lang.Object)'> (0x0000000621872d50) 
thrown [./open/src/hotspot/share/interpreter/linkResolver.cpp, line 766]
Event: 0.135 Thread 0x0000027f6a075000 Exception <a 'java/lang/NoSuchMethodError'{0x0000000621879858}: 'java.lang.Object java.lang.invoke.DirectMethodHandle$Holder.invokeStaticInit(java.lang.Object, java.lang.Object, java.lang.Object)'> (0x0000000621879858) 
thrown [./open/src/hotspot/share/interpreter/linkResolver.cpp, line 766]
Event: 0.164 Thread 0x0000027f6a075000 Exception <a 'sun/nio/fs/WindowsException'{0x0000000621902680}> (0x0000000621902680) 
thrown [./open/src/hotspot/share/prims/jni.cpp, line 599]
Event: 0.164 Thread 0x0000027f6a075000 Exception <a 'sun/nio/fs/WindowsException'{0x0000000621902bd8}> (0x0000000621902bd8) 
thrown [./open/src/hotspot/share/prims/jni.cpp, line 599]
Event: 0.176 Thread 0x0000027f6a075000 Exception <a 'sun/nio/fs/WindowsException'{0x000000062198d110}> (0x000000062198d110) 
thrown [./open/src/hotspot/share/prims/jni.cpp, line 599]
Event: 0.176 Thread 0x0000027f6a075000 Exception <a 'sun/nio/fs/WindowsException'{0x000000062198d3e0}> (0x000000062198d3e0) 
thrown [./open/src/hotspot/share/prims/jni.cpp, line 599]
Event: 0.189 Thread 0x0000027f6a075000 Exception <a 'sun/nio/fs/WindowsException'{0x0000000621618db0}> (0x0000000621618db0) 
thrown [./open/src/hotspot/share/prims/jni.cpp, line 599]
Event: 0.189 Thread 0x0000027f6a075000 Exception <a 'sun/nio/fs/WindowsException'{0x0000000621619080}> (0x0000000621619080) 
thrown [./open/src/hotspot/share/prims/jni.cpp, line 599]

Events (20 events):
Event: 0.168 loading class sun/misc/Unsafe
Event: 0.168 loading class sun/misc/Unsafe done
Event: 0.169 loading class jdk/internal/reflect/UnsafeFieldAccessorFactory
Event: 0.169 loading class jdk/internal/reflect/UnsafeFieldAccessorFactory done
Event: 0.169 loading class jdk/internal/reflect/UnsafeQualifiedStaticObjectFieldAccessorImpl
Event: 0.169 loading class jdk/internal/reflect/UnsafeQualifiedStaticFieldAccessorImpl
Event: 0.169 loading class jdk/internal/reflect/UnsafeQualifiedStaticFieldAccessorImpl done
Event: 0.169 loading class jdk/internal/reflect/UnsafeQualifiedStaticObjectFieldAccessorImpl done
Event: 0.172 loading class java/math/MutableBigInteger
Event: 0.172 loading class java/math/MutableBigInteger done
Event: 0.173 loading class java/nio/BufferOverflowException
Event: 0.173 loading class java/nio/BufferOverflowException done
Event: 0.173 loading class java/nio/InvalidMarkException
Event: 0.173 loading class java/nio/InvalidMarkException done
Event: 0.173 loading class java/nio/BufferUnderflowException
Event: 0.173 loading class java/nio/BufferUnderflowException done
Event: 0.177 loading class java/lang/NoSuchFieldError
Event: 0.177 loading class java/lang/NoSuchFieldError done
Event: 0.178 loading class java/lang/IndexOutOfBoundsException
Event: 0.178 loading class java/lang/IndexOutOfBoundsException done


Dynamic libraries:
0x00007ff6ae790000 - 0x00007ff6ae79f000 	C:\Program Files\Java\jdk-14.0.1\bin\java.exe
0x00007ffd47d60000 - 0x00007ffd47f63000 	C:\WINDOWS\SYSTEM32\ntdll.dll
0x00007ffd46b60000 - 0x00007ffd46c1d000 	C:\WINDOWS\System32\KERNEL32.DLL
0x00007ffd456c0000 - 0x00007ffd45a2a000 	C:\WINDOWS\System32\KERNELBASE.dll
0x00007ffd42620000 - 0x00007ffd426b1000 	C:\WINDOWS\SYSTEM32\apphelp.dll
0x00007ffd45bc0000 - 0x00007ffd45cd0000 	C:\WINDOWS\System32\ucrtbase.dll
0x00007ffd2e290000 - 0x00007ffd2e2a5000 	C:\Program Files\Java\jdk-14.0.1\bin\VCRUNTIME140.dll
0x00007ffd29220000 - 0x00007ffd29238000 	C:\Program Files\Java\jdk-14.0.1\bin\jli.dll
0x00007ffd47c40000 - 0x00007ffd47cec000 	C:\WINDOWS\System32\ADVAPI32.dll
0x00007ffd46310000 - 0x00007ffd463b3000 	C:\WINDOWS\System32\msvcrt.dll
0x00007ffd47440000 - 0x00007ffd474de000 	C:\WINDOWS\System32\sechost.dll
0x00007ffd461e0000 - 0x00007ffd46304000 	C:\WINDOWS\System32\RPCRT4.dll
0x00007ffd47580000 - 0x00007ffd47725000 	C:\WINDOWS\System32\USER32.dll
0x00007ffd2eaa0000 - 0x00007ffd2ed45000 	C:\WINDOWS\WinSxS\amd64_microsoft.windows.common-controls_6595b64144ccf1df_6.0.21332.1000_none_598fb7adf6b959ea\COMCTL32.dll
0x00007ffd45ad0000 - 0x00007ffd45af6000 	C:\WINDOWS\System32\win32u.dll
0x00007ffd47cf0000 - 0x00007ffd47d19000 	C:\WINDOWS\System32\GDI32.dll
0x00007ffd45430000 - 0x00007ffd45541000 	C:\WINDOWS\System32\gdi32full.dll
0x00007ffd425b0000 - 0x00007ffd425ba000 	C:\WINDOWS\SYSTEM32\VERSION.dll
0x00007ffd45a30000 - 0x00007ffd45acd000 	C:\WINDOWS\System32\msvcp_win.dll
0x00007ffd47550000 - 0x00007ffd4757f000 	C:\WINDOWS\System32\IMM32.DLL
0x00007ffd1f790000 - 0x00007ffd1f82b000 	C:\Program Files\Java\jdk-14.0.1\bin\msvcp140.dll
0x00007ffcc18b0000 - 0x00007ffcc23ce000 	C:\Program Files\Java\jdk-14.0.1\bin\server\jvm.dll
0x00007ffd47430000 - 0x00007ffd47438000 	C:\WINDOWS\System32\PSAPI.DLL
0x00007ffd39780000 - 0x00007ffd397b0000 	C:\WINDOWS\SYSTEM32\WINMM.dll
0x00007ffd32010000 - 0x00007ffd32019000 	C:\WINDOWS\SYSTEM32\WSOCK32.dll
0x00007ffd47bd0000 - 0x00007ffd47c40000 	C:\WINDOWS\System32\WS2_32.dll
0x00007ffd44530000 - 0x00007ffd44547000 	C:\WINDOWS\SYSTEM32\kernel.appcore.dll
0x00007ffd2f360000 - 0x00007ffd2f36a000 	C:\Program Files\Java\jdk-14.0.1\bin\jimage.dll
0x00007ffd430a0000 - 0x00007ffd432cc000 	C:\WINDOWS\SYSTEM32\DBGHELP.DLL
0x00007ffd396a0000 - 0x00007ffd396d0000 	C:\WINDOWS\SYSTEM32\dbgcore.DLL
0x00007ffd453b0000 - 0x00007ffd4542e000 	C:\WINDOWS\System32\bcryptPrimitives.dll
0x00007ffd2efe0000 - 0x00007ffd2efee000 	C:\Program Files\Java\jdk-14.0.1\bin\instrument.dll
0x00007ffd26150000 - 0x00007ffd26175000 	C:\Program Files\Java\jdk-14.0.1\bin\java.dll
0x00007ffd29200000 - 0x00007ffd29216000 	C:\Program Files\Java\jdk-14.0.1\bin\zip.dll
0x00007ffd46c20000 - 0x00007ffd4737e000 	C:\WINDOWS\System32\SHELL32.dll
0x00007ffd43490000 - 0x00007ffd43cfc000 	C:\WINDOWS\SYSTEM32\windows.storage.dll
0x00007ffd47860000 - 0x00007ffd47bd0000 	C:\WINDOWS\System32\combase.dll
0x00007ffd46930000 - 0x00007ffd46a1b000 	C:\WINDOWS\System32\SHCORE.dll
0x00007ffd474f0000 - 0x00007ffd4754e000 	C:\WINDOWS\System32\shlwapi.dll
0x00007ffd45270000 - 0x00007ffd45291000 	C:\WINDOWS\SYSTEM32\profapi.dll
0x00007ffd26790000 - 0x00007ffd267a9000 	C:\Program Files\Java\jdk-14.0.1\bin\net.dll
0x00007ffd38980000 - 0x00007ffd38a8e000 	C:\WINDOWS\SYSTEM32\WINHTTP.dll
0x00007ffd44990000 - 0x00007ffd449f7000 	C:\WINDOWS\system32\mswsock.dll
0x00007ffd26210000 - 0x00007ffd26222000 	C:\Program Files\Java\jdk-14.0.1\bin\nio.dll
0x00007ffd28fd0000 - 0x00007ffd28fea000 	C:\Program Files\JetBrains\IntelliJ IDEA Community Edition 2020.1.3\bin\breakgen64.dll
0x00007ffd22bd0000 - 0x00007ffd22c34000 	C:\Users\Emmet\AppData\Local\Temp\lwjglEmmet\3.2.3-build-13\lwjgl.dll
0x00007ffd0f4f0000 - 0x00007ffd0f5f1000 	C:\WINDOWS\SYSTEM32\OPENGL32.DLL
0x00007ffd0f4c0000 - 0x00007ffd0f4ed000 	C:\WINDOWS\SYSTEM32\GLU32.dll
0x00007ffd42d80000 - 0x00007ffd42db8000 	C:\WINDOWS\SYSTEM32\dxcore.dll

dbghelp: loaded successfully - version: 4.0.5 - missing functions: none
symbol engine: initialized successfully - sym options: 0x614 - pdb path: .;C:\Program Files\Java\jdk-14.0.1\bin;C:\WINDOWS\SYSTEM32;C:\WINDOWS\WinSxS\amd64_microsoft.windows.common-controls_6595b64144ccf1df_6.0.21332.1000_none_598fb7adf6b959ea;C:\Program Files\Java\jdk-14.0.1\bin\server;C:\Program Files\JetBrains\IntelliJ IDEA Community Edition 2020.1.3\bin;C:\Users\Emmet\AppData\Local\Temp\lwjglEmmet\3.2.3-build-13

VM Arguments:
jvm_args: -javaagent:C:\Program Files\JetBrains\IntelliJ IDEA Community Edition 2020.1.3\lib\idea_rt.jar=56027:C:\Program Files\JetBrains\IntelliJ IDEA Community Edition 2020.1.3\bin -Dfile.encoding=UTF-8 
java_command: org.codeland.rendering.RenderingKt
java_class_path (initial): C:\Users\Emmet\Programming\lang\java\UHC Server Bot\build\classes\kotlin\main;C:\Users\Emmet\.gradle\caches\modules-2\files-2.1\net.dv8tion\JDA\4.2.0_168\f062856a5c69670aa92298c9735e66a88f3b58a9\JDA-4.2.0_168.jar;C:\Users\Emmet\.gradle\caches\modules-2\files-2.1\org.jetbrains.kotlin\kotlin-stdlib-jdk8\1.4.31\e613be5465ef1e6fd0468707690b7ebf625ea2fe\kotlin-stdlib-jdk8-1.4.31.jar;C:\Users\Emmet\.gradle\caches\modules-2\files-2.1\org.lwjgl\lwjgl-opengl\3.2.3\bdd534a323d0c8f54969b95e424b6ac8984f7d6e\lwjgl-opengl-3.2.3.jar;C:\Users\Emmet\.gradle\caches\modules-2\files-2.1\org.lwjgl\lwjgl-opengl\3.2.3\e81cfc73ec8708e5e791ed770e4ec3edfc1bbab1\lwjgl-opengl-3.2.3-natives-windows.jar;C:\Users\Emmet\.gradle\caches\modules-2\files-2.1\org.lwjgl\lwjgl\3.2.3\17a59ba0fe8d474ec9dbe0d5db40d2cfe59c4c08\lwjgl-3.2.3.jar;C:\Users\Emmet\.gradle\caches\modules-2\files-2.1\org.lwjgl\lwjgl\3.2.3\27f32cd35349684745951e04388e8e00d681cdcd\lwjgl-3.2.3-natives-windows.jar;C:\Users\Emmet\.gradle\caches\modules-2\files-2.1\org.joml\joml\1.10.1\9825ac51cb8d274e23d4ad685b355e87afdaff06\joml-1.10.1.jar;C:\Users\Emmet\.gradle\caches\modules-2\files-2.1\com.google.code.findbugs\jsr305\3.0.2\25ea2e8b0c338a877313bd4672d3fe056ea78f0d\jsr305-3.0.2.jar;C:\Users\Emmet\.gradle\caches\modules-2\files-2.1\org.jetbrains\annotations\16.0.1\c1a6655cebcac68e63e4c24d23f573035032eb2a\annotations-16.0.1.jar;C:\Users\Emmet\.gradle\caches\modules-2\files-2.1\org.slf4j\slf4j-api\1.7.25\da76ca59f6a57ee3102f8f9bd9cee742973efa8a\slf4j-api-1.7.25.jar;C:\Users\Emmet\.gradle\caches\modules-2\files-2.1\com.neovisionaries\nv-websocket-client\2.9\7e4cc077330c2c45d25390507ed27e958a1eae9a\nv-websocket-client-2.9.jar;C:\Users\Emmet\.gradle\caches\modules-2\files-2.1\com.squareup.okhttp3\okhttp\3.13.0\f53f6362226e4546c3987b8693f3d6976df8c797\okhttp-3.13.0.jar;C:\Users\Emmet\.gradle\caches\modules-2\files-2.1\org.apache.commons\commons-collections4\4.1\a4cf4688fe1c7e3a63aa636cc96d013af537768e\commons-colle
Launcher Type: SUN_STANDARD

[Global flags]
     intx CICompilerCount                          = 4                                         {product} {ergonomic}
     uint ConcGCThreads                            = 3                                         {product} {ergonomic}
     uint G1ConcRefinementThreads                  = 10                                        {product} {ergonomic}
   size_t G1HeapRegionSize                         = 2097152                                   {product} {ergonomic}
    uintx GCDrainStackTargetSize                   = 64                                        {product} {ergonomic}
   size_t InitialHeapSize                          = 536870912                                 {product} {ergonomic}
   size_t MarkStackSize                            = 4194304                                   {product} {ergonomic}
   size_t MaxHeapSize                              = 8558477312                                {product} {ergonomic}
   size_t MaxNewSize                               = 5133828096                                {product} {ergonomic}
   size_t MinHeapDeltaBytes                        = 2097152                                   {product} {ergonomic}
   size_t MinHeapSize                              = 8388608                                   {product} {ergonomic}
    uintx NonNMethodCodeHeapSize                   = 5839372                                {pd product} {ergonomic}
    uintx NonProfiledCodeHeapSize                  = 122909434                              {pd product} {ergonomic}
    uintx ProfiledCodeHeapSize                     = 122909434                              {pd product} {ergonomic}
    uintx ReservedCodeCacheSize                    = 251658240                              {pd product} {ergonomic}
     bool SegmentedCodeCache                       = true                                      {product} {ergonomic}
   size_t SoftMaxHeapSize                          = 8558477312                             {manageable} {ergonomic}
     bool UseCompressedClassPointers               = true                                 {lp64_product} {ergonomic}
     bool UseCompressedOops                        = true                                 {lp64_product} {ergonomic}
     bool UseG1GC                                  = true                                      {product} {ergonomic}
     bool UseLargePagesIndividualAllocation        = false                                  {pd product} {ergonomic}

Logging:
Log output configuration:
 #0: stdout all=warning uptime,level,tags
 #1: stderr all=off uptime,level,tags

Environment Variables:
JAVA_HOME=C:\Program Files\Java\jdk-14.0.1
PATH=C:\Python38\Scripts\;C:\Python38\;C:\Program Files\Haskell\bin;C:\Program Files\Haskell Platform\8.6.5\lib\extralibs\bin;C:\Program Files\Haskell Platform\8.6.5\bin;C:\WINDOWS\system32;C:\WINDOWS;C:\WINDOWS\System32\Wbem;C:\WINDOWS\System32\WindowsPowerShell\v1.0\;C:\WINDOWS\System32\OpenSSH\;C:\Program Files (x86)\NVIDIA Corporation\PhysX\Common;C:\Program Files\NVIDIA Corporation\NVIDIA NvDLISR;C:\WINDOWS\system32;C:\WINDOWS;C:\WINDOWS\System32\Wbem;C:\WINDOWS\System32\WindowsPowerShell\v1.0\;C:\WINDOWS\System32\OpenSSH\;C:\Program Files\dotnet\;C:\Program Files\Microsoft VS Code\bin;C:\Program Files\Intel\WiFi\bin\;C:\Program Files\Common Files\Intel\WirelessCommon\;C:\Program Files (x86)\Intel\Intel(R) Management Engine Components\DAL;C:\Program Files\Intel\Intel(R) Management Engine Components\DAL;C:\Program Files\Haskell Platform\8.6.5\mingw\bin;C:\Program Files\Microsoft SQL Server\130\Tools\Binn\;C:\Program Files\nodejs\;C:\ProgramData\chocolatey\bin;C:\Program Files\Microsoft SQL Server\110\Tools\Binn\;C:\Program Files\Microsoft SQL Server\120\Tools\Binn\;C:\Program Files\CMake\bin;C:\Users\Emmet\AppData\Roaming\npm;C:\Users\Emmet\Programming\programs\maven\bin;C:\Program Files\Java\jdk-14.0.1\bin;C:\Users\Emmet\.cargo\bin;C:\Users\Emmet\AppData\Local\Microsoft\WindowsApps;C:\Users\Emmet\AppData\Local\Programs\Microsoft VS Code\bin;
USERNAME=Emmet
OS=Windows_NT
PROCESSOR_IDENTIFIER=Intel64 Family 6 Model 158 Stepping 10, GenuineIntel



---------------  S Y S T E M  ---------------

OS: Windows 10 , 64 bit Build 21332 (10.0.21332.1000)
OS uptime: 1 days 5:21 hours
HyperV virtualization detected

CPU:total 12 (initial active 12) (6 cores per cpu, 2 threads per core) family 6 model 158 stepping 10, cmov, cx8, fxsr, mmx, sse, sse2, sse3, ssse3, sse4.1, sse4.2, popcnt, avx, avx2, aes, clmul, erms, rtm, 3dnowpref, lzcnt, ht, tsc, tscinvbit, bmi1, bmi2, adx, fma

Memory: 4k page, system-wide physical 32641M (16572M free)
TotalPageFile size 55169M (AvailPageFile size 28868M)
current process WorkingSet (physical memory assigned to process): 47M, peak: 47M
current process commit charge ("private bytes"): 623M, peak: 623M

vm_info: Java HotSpot(TM) 64-Bit Server VM (14.0.1+7) for windows-amd64 JRE (14.0.1+7), built on Mar  5 2020 10:30:14 by "mach5one" with MS VC++ 15.9 (VS2017)

END.
